<?xml version="1.0" encoding="UTF-8"?>
<!-- Generated by org.testng.reporters.JUnitReportReporter -->
<testsuite hostname="ETHAN_ALEX" failures="0" tests="1" name="testscripts.ManageNewsTest" time="10.842" errors="0" timestamp="2025-02-27T00:19:28 IST" skipped="0">
  <testcase classname="testscripts.ManageNewsTest" name="verifyThatUserCanCreateNewsSuccessfully" time="10.842"/>
</testsuite> <!-- testscripts.ManageNewsTest -->
