<?xml version="1.0" encoding="UTF-8"?>
<!-- Generated by org.testng.reporters.JUnitReportReporter -->
<testsuite hostname="ETHAN_ALEX" failures="0" tests="1" name="testscripts.SubCategoryTest" time="17.520" errors="0" timestamp="2025-02-27T00:28:28 IST" skipped="0">
  <testcase classname="testscripts.SubCategoryTest" name="verifyThatTheAdminCanAddProduct" time="17.520"/>
</testsuite> <!-- testscripts.SubCategoryTest -->
