<?xml version="1.0" encoding="UTF-8"?>
<!-- Generated by org.testng.reporters.JUnitReportReporter -->
<testsuite hostname="ETHAN_ALEX" failures="0" tests="1" name="testscripts.ManageFooterTextTest" time="14.555" errors="0" timestamp="2025-02-27T17:48:20 IST" skipped="0">
  <testcase classname="testscripts.ManageFooterTextTest" name="verifyThatAdminCanEditTheDetails" time="14.555"/>
</testsuite> <!-- testscripts.ManageFooterTextTest -->
