<?xml version="1.0" encoding="UTF-8"?>
<!-- Generated by org.testng.reporters.JUnitReportReporter -->
<testsuite hostname="ETHAN_ALEX" failures="0" tests="2" name="testscripts.LogoutTest" time="19.892" errors="0" timestamp="2025-02-27T00:32:05 IST" skipped="0">
  <testcase classname="testscripts.LogoutTest" name="checkWhetherAdminCanLogoutSuccessfully" time="8.521"/>
  <testcase classname="testscripts.LogoutTest" name="checkWhetherAdminCanLogoutSuccessfully" time="11.371"/>
</testsuite> <!-- testscripts.LogoutTest -->
