<?xml version="1.0" encoding="UTF-8"?>
<!-- Generated by org.testng.reporters.JUnitReportReporter -->
<testsuite hostname="ETHAN_ALEX" failures="0" tests="1" name="testscripts.LogoutTest" time="12.579" errors="0" timestamp="2025-02-28T19:24:50 IST" skipped="0">
  <testcase classname="testscripts.LogoutTest" name="checkWhetherAdminCanLogoutSuccessfully" time="12.579"/>
</testsuite> <!-- testscripts.LogoutTest -->
