<?xml version="1.0" encoding="UTF-8"?>
<!-- Generated by org.testng.reporters.JUnitReportReporter -->
<testsuite hostname="ETHAN_ALEX" failures="0" tests="2" name="testscripts.LoginTest" time="18.328" errors="0" timestamp="2025-02-27T00:04:45 IST" skipped="0">
  <testcase classname="testscripts.LoginTest" name="verifyIfTheAdminCanLoginWithValidCredentials1" time="9.523"/>
  <testcase classname="testscripts.LoginTest" name="verifyTheUserIsAbleToLoginUsingInvalidCredentials3" time="8.805"/>
</testsuite> <!-- testscripts.LoginTest -->
