<?xml version="1.0" encoding="UTF-8"?>
<!-- Generated by org.testng.reporters.JUnitReportReporter -->
<testsuite hostname="ETHAN_ALEX" failures="0" tests="2" name="testscripts.ManageContactTest" time="20.634" errors="0" timestamp="2025-02-27T00:05:55 IST" skipped="0">
  <testcase classname="testscripts.ManageContactTest" name="checkWhetherUpdateButtonIsEnabled" time="10.064"/>
  <testcase classname="testscripts.ManageContactTest" name="verifyThatAdminCanEditManageContactDetails" time="10.570"/>
</testsuite> <!-- testscripts.ManageContactTest -->
