<?xml version="1.0" encoding="UTF-8"?>
<!-- Generated by org.testng.reporters.JUnitReportReporter -->
<testsuite hostname="ETHAN_ALEX" failures="0" tests="2" name="testscripts.ManageFooterTextTest" time="20.191" errors="0" timestamp="2025-02-27T00:13:28 IST" skipped="0">
  <testcase classname="testscripts.ManageFooterTextTest" name="checkWhetherUpdateButtonIsPresent" time="9.288"/>
  <testcase classname="testscripts.ManageFooterTextTest" name="verifyThatAdminCanEditTheDetails" time="10.903"/>
</testsuite> <!-- testscripts.ManageFooterTextTest -->
